<?xml version="1.0" encoding="UTF-8"?>
<coverage generated="1667111995350" clover="3.2.0">
  <project timestamp="1667111995350" name="All files">
    <metrics statements="70" coveredstatements="66" conditionals="63" coveredconditionals="59" methods="8" coveredmethods="8" elements="141" coveredelements="133" complexity="0" loc="70" ncloc="70" packages="1" files="1" classes="1"/>
    <file name="index.ts" path="/Users/xsky/Documents/project/bytes-pro/src/index.ts">
      <metrics statements="70" coveredstatements="66" conditionals="63" coveredconditionals="59" methods="8" coveredmethods="8"/>
      <line num="5" count="1" type="stmt"/>
      <line num="6" count="1" type="stmt"/>
      <line num="12" count="1" type="stmt"/>
      <line num="22" count="1" type="stmt"/>
      <line num="32" count="1" type="stmt"/>
      <line num="71" count="17" type="cond" truecount="1" falsecount="0"/>
      <line num="72" count="17" type="cond" truecount="1" falsecount="0"/>
      <line num="73" count="4" type="stmt"/>
      <line num="76" count="13" type="stmt"/>
      <line num="84" count="12" type="cond" truecount="1" falsecount="0"/>
      <line num="85" count="12" type="cond" truecount="1" falsecount="0"/>
      <line num="86" count="10" type="stmt"/>
      <line num="89" count="2" type="stmt"/>
      <line num="91" count="13" type="stmt"/>
      <line num="95" count="1" type="stmt"/>
      <line num="100" count="13" type="cond" truecount="1" falsecount="0"/>
      <line num="101" count="1" type="stmt"/>
      <line num="103" count="12" type="stmt"/>
      <line num="105" count="12" type="cond" truecount="4" falsecount="0"/>
      <line num="106" count="12" type="cond" truecount="4" falsecount="0"/>
      <line num="107" count="12" type="cond" truecount="4" falsecount="0"/>
      <line num="108" count="12" type="cond" truecount="2" falsecount="0"/>
      <line num="110" count="12" type="cond" truecount="2" falsecount="0"/>
      <line num="113" count="12" type="cond" truecount="2" falsecount="0"/>
      <line num="115" count="12" type="cond" truecount="4" falsecount="0"/>
      <line num="117" count="12" type="stmt"/>
      <line num="118" count="12" type="stmt"/>
      <line num="119" count="12" type="stmt"/>
      <line num="120" count="12" type="cond" truecount="2" falsecount="0"/>
      <line num="121" count="3" type="stmt"/>
      <line num="122" count="9" type="cond" truecount="2" falsecount="0"/>
      <line num="123" count="2" type="stmt"/>
      <line num="125" count="15" type="cond" truecount="3" falsecount="0"/>
      <line num="129" count="2" type="cond" truecount="1" falsecount="0"/>
      <line num="130" count="2" type="stmt"/>
      <line num="133" count="7" type="stmt"/>
      <line num="134" count="43" type="cond" truecount="2" falsecount="0"/>
      <line num="136" count="7" type="cond" truecount="1" falsecount="0"/>
      <line num="137" count="7" type="stmt"/>
      <line num="141" count="12" type="stmt"/>
      <line num="143" count="12" type="stmt"/>
      <line num="144" count="12" type="stmt"/>
      <line num="146" count="12" type="cond" truecount="1" falsecount="0"/>
      <line num="147" count="10" type="stmt"/>
      <line num="150" count="12" type="cond" truecount="1" falsecount="0"/>
      <line num="151" count="1" type="stmt"/>
      <line num="153" count="12" type="cond" truecount="3" falsecount="0"/>
      <line num="154" count="1" type="stmt"/>
      <line num="156" count="11" type="stmt"/>
      <line num="160" count="5" type="stmt"/>
      <line num="162" count="5" type="cond" truecount="4" falsecount="0"/>
      <line num="164" count="5" type="cond" truecount="2" falsecount="0"/>
      <line num="165" count="5" type="stmt"/>
      <line num="169" count="5" type="cond" truecount="1" falsecount="1"/>
      <line num="170" count="0" type="stmt"/>
      <line num="171" count="0" type="stmt"/>
      <line num="173" count="5" type="stmt"/>
      <line num="174" count="5" type="stmt"/>
      <line num="177" count="5" type="cond" truecount="0" falsecount="1"/>
      <line num="178" count="0" type="stmt"/>
      <line num="181" count="5" type="stmt"/>
      <line num="182" count="5" type="cond" truecount="1" falsecount="0"/>
      <line num="183" count="5" type="cond" truecount="1" falsecount="0"/>
      <line num="184" count="2" type="cond" truecount="2" falsecount="1"/>
      <line num="186" count="0" type="stmt"/>
      <line num="190" count="5" type="stmt"/>
      <line num="194" count="2" type="stmt"/>
      <line num="198" count="2" type="cond" truecount="1" falsecount="1"/>
      <line num="201" count="1" type="stmt"/>
      <line num="207" count="1" type="stmt"/>
    </file>
  </project>
</coverage>
