{"/Users/xsky/Documents/project/bytes-pro/src/index.ts": {"path":"/Users/xsky/Documents/project/bytes-pro/src/index.ts","statementMap":{"0":{"start":{"line":5,"column":30},"end":{"line":5,"column":53}},"1":{"start":{"line":6,"column":29},"end":{"line":6,"column":52}},"2":{"start":{"line":12,"column":18},"end":{"line":21,"column":2}},"3":{"start":{"line":22,"column":19},"end":{"line":31,"column":2}},"4":{"start":{"line":32,"column":16},"end":{"line":41,"column":2}},"5":{"start":{"line":71,"column":2},"end":{"line":75,"column":null}},"6":{"start":{"line":72,"column":4},"end":{"line":74,"column":null}},"7":{"start":{"line":73,"column":6},"end":{"line":73,"column":24}},"8":{"start":{"line":76,"column":2},"end":{"line":76,"column":19}},"9":{"start":{"line":84,"column":2},"end":{"line":88,"column":null}},"10":{"start":{"line":85,"column":4},"end":{"line":87,"column":null}},"11":{"start":{"line":86,"column":6},"end":{"line":86,"column":46}},"12":{"start":{"line":89,"column":2},"end":{"line":89,"column":14}},"13":{"start":{"line":91,"column":23},"end":{"line":91,"column":46}},"14":{"start":{"line":91,"column":38},"end":{"line":91,"column":50}},"15":{"start":{"line":95,"column":20},"end":{"line":95,"column":83}},"16":{"start":{"line":100,"column":2},"end":{"line":102,"column":null}},"17":{"start":{"line":101,"column":4},"end":{"line":101,"column":16}},"18":{"start":{"line":103,"column":14},"end":{"line":103,"column":29}},"19":{"start":{"line":105,"column":4},"end":{"line":105,"column":75}},"20":{"start":{"line":106,"column":24},"end":{"line":106,"column":99}},"21":{"start":{"line":107,"column":24},"end":{"line":107,"column":98}},"22":{"start":{"line":108,"column":24},"end":{"line":108,"column":56}},"23":{"start":{"line":110,"column":17},"end":{"line":110,"column":42}},"24":{"start":{"line":113,"column":23},"end":{"line":113,"column":54}},"25":{"start":{"line":115,"column":23},"end":{"line":115,"column":98}},"26":{"start":{"line":117,"column":30},"end":{"line":117,"column":33}},"27":{"start":{"line":118,"column":14},"end":{"line":118,"column":41}},"28":{"start":{"line":119,"column":15},"end":{"line":119,"column":41}},"29":{"start":{"line":120,"column":2},"end":{"line":139,"column":null}},"30":{"start":{"line":121,"column":4},"end":{"line":121,"column":18}},"31":{"start":{"line":122,"column":9},"end":{"line":139,"column":null}},"32":{"start":{"line":123,"column":22},"end":{"line":127,"column":null}},"33":{"start":{"line":125,"column":8},"end":{"line":127,"column":null}},"34":{"start":{"line":129,"column":4},"end":{"line":131,"column":null}},"35":{"start":{"line":130,"column":6},"end":{"line":130,"column":56}},"36":{"start":{"line":133,"column":22},"end":{"line":134,"column":null}},"37":{"start":{"line":134,"column":13},"end":{"line":134,"column":null}},"38":{"start":{"line":136,"column":4},"end":{"line":138,"column":null}},"39":{"start":{"line":137,"column":6},"end":{"line":137,"column":56}},"40":{"start":{"line":141,"column":19},"end":{"line":141,"column":62}},"41":{"start":{"line":143,"column":14},"end":{"line":143,"column":30}},"42":{"start":{"line":144,"column":12},"end":{"line":144,"column":38}},"43":{"start":{"line":146,"column":2},"end":{"line":148,"column":null}},"44":{"start":{"line":147,"column":4},"end":{"line":147,"column":50}},"45":{"start":{"line":150,"column":2},"end":{"line":152,"column":null}},"46":{"start":{"line":151,"column":4},"end":{"line":151,"column":65}},"47":{"start":{"line":153,"column":2},"end":{"line":155,"column":null}},"48":{"start":{"line":154,"column":4},"end":{"line":154,"column":63}},"49":{"start":{"line":156,"column":2},"end":{"line":156,"column":76}},"50":{"start":{"line":160,"column":16},"end":{"line":160,"column":54}},"51":{"start":{"line":162,"column":23},"end":{"line":162,"column":98}},"52":{"start":{"line":164,"column":18},"end":{"line":164,"column":44}},"53":{"start":{"line":165,"column":18},"end":{"line":165,"column":41}},"54":{"start":{"line":169,"column":2},"end":{"line":175,"column":null}},"55":{"start":{"line":170,"column":4},"end":{"line":170,"column":37}},"56":{"start":{"line":171,"column":4},"end":{"line":171,"column":15}},"57":{"start":{"line":173,"column":4},"end":{"line":173,"column":40}},"58":{"start":{"line":174,"column":4},"end":{"line":174,"column":57}},"59":{"start":{"line":177,"column":2},"end":{"line":179,"column":null}},"60":{"start":{"line":178,"column":4},"end":{"line":178,"column":16}},"61":{"start":{"line":181,"column":14},"end":{"line":181,"column":41}},"62":{"start":{"line":182,"column":2},"end":{"line":189,"column":null}},"63":{"start":{"line":183,"column":4},"end":{"line":188,"column":null}},"64":{"start":{"line":184,"column":6},"end":{"line":187,"column":null}},"65":{"start":{"line":186,"column":8},"end":{"line":186,"column":71}},"66":{"start":{"line":190,"column":2},"end":{"line":190,"column":44}},"67":{"start":{"line":194,"column":19},"end":{"line":197,"column":4}},"68":{"start":{"line":198,"column":2},"end":{"line":198,"column":90}},"69":{"start":{"line":201,"column":14},"end":{"line":205,"column":2}},"70":{"start":{"line":207,"column":0},"end":{"line":207,"column":21}}},"fnMap":{"0":{"name":"switchBaseMap","decl":{"start":{"line":70,"column":9},"end":{"line":70,"column":22}},"loc":{"start":{"line":70,"column":44},"end":{"line":77,"column":1}}},"1":{"name":"switchUnit","decl":{"start":{"line":83,"column":9},"end":{"line":83,"column":19}},"loc":{"start":{"line":83,"column":55},"end":{"line":90,"column":1}}},"2":{"name":"(anonymous_2)","decl":{"start":{"line":91,"column":23},"end":{"line":91,"column":24}},"loc":{"start":{"line":91,"column":33},"end":{"line":91,"column":46}}},"3":{"name":"format","decl":{"start":{"line":99,"column":9},"end":{"line":99,"column":15}},"loc":{"start":{"line":99,"column":95},"end":{"line":157,"column":1}}},"4":{"name":"(anonymous_4)","decl":{"start":{"line":124,"column":6},"end":{"line":124,"column":7}},"loc":{"start":{"line":124,"column":8},"end":{"line":125,"column":11}}},"5":{"name":"(anonymous_5)","decl":{"start":{"line":134,"column":6},"end":{"line":134,"column":7}},"loc":{"start":{"line":134,"column":8},"end":{"line":134,"column":16}}},"6":{"name":"parse","decl":{"start":{"line":159,"column":9},"end":{"line":159,"column":14}},"loc":{"start":{"line":159,"column":82},"end":{"line":191,"column":1}}},"7":{"name":"parseToUnit","decl":{"start":{"line":193,"column":9},"end":{"line":193,"column":20}},"loc":{"start":{"line":193,"column":87},"end":{"line":199,"column":1}}}},"branchMap":{"0":{"loc":{"start":{"line":71,"column":2},"end":{"line":75,"column":null}},"type":"if","locations":[{"start":{"line":71,"column":2},"end":{"line":75,"column":null}}]},"1":{"loc":{"start":{"line":72,"column":4},"end":{"line":74,"column":null}},"type":"if","locations":[{"start":{"line":72,"column":4},"end":{"line":74,"column":null}}]},"2":{"loc":{"start":{"line":84,"column":2},"end":{"line":88,"column":null}},"type":"if","locations":[{"start":{"line":84,"column":2},"end":{"line":88,"column":null}}]},"3":{"loc":{"start":{"line":85,"column":4},"end":{"line":87,"column":null}},"type":"if","locations":[{"start":{"line":85,"column":4},"end":{"line":87,"column":null}}]},"4":{"loc":{"start":{"line":100,"column":2},"end":{"line":102,"column":null}},"type":"if","locations":[{"start":{"line":100,"column":2},"end":{"line":102,"column":null}}]},"5":{"loc":{"start":{"line":105,"column":4},"end":{"line":105,"column":75}},"type":"cond-expr","locations":[{"start":{"line":105,"column":44},"end":{"line":105,"column":70}},{"start":{"line":105,"column":73},"end":{"line":105,"column":75}}]},"6":{"loc":{"start":{"line":105,"column":4},"end":{"line":105,"column":41}},"type":"binary-expr","locations":[{"start":{"line":105,"column":4},"end":{"line":105,"column":11}},{"start":{"line":105,"column":15},"end":{"line":105,"column":41}}]},"7":{"loc":{"start":{"line":106,"column":24},"end":{"line":106,"column":99}},"type":"cond-expr","locations":[{"start":{"line":106,"column":73},"end":{"line":106,"column":94}},{"start":{"line":106,"column":97},"end":{"line":106,"column":99}}]},"8":{"loc":{"start":{"line":106,"column":24},"end":{"line":106,"column":70}},"type":"binary-expr","locations":[{"start":{"line":106,"column":24},"end":{"line":106,"column":31}},{"start":{"line":106,"column":35},"end":{"line":106,"column":70}}]},"9":{"loc":{"start":{"line":107,"column":24},"end":{"line":107,"column":98}},"type":"cond-expr","locations":[{"start":{"line":107,"column":73},"end":{"line":107,"column":94}},{"start":{"line":107,"column":97},"end":{"line":107,"column":98}}]},"10":{"loc":{"start":{"line":107,"column":24},"end":{"line":107,"column":70}},"type":"binary-expr","locations":[{"start":{"line":107,"column":24},"end":{"line":107,"column":31}},{"start":{"line":107,"column":35},"end":{"line":107,"column":70}}]},"11":{"loc":{"start":{"line":108,"column":24},"end":{"line":108,"column":56}},"type":"binary-expr","locations":[{"start":{"line":108,"column":24},"end":{"line":108,"column":31}},{"start":{"line":108,"column":35},"end":{"line":108,"column":56}}]},"12":{"loc":{"start":{"line":110,"column":17},"end":{"line":110,"column":42}},"type":"binary-expr","locations":[{"start":{"line":110,"column":17},"end":{"line":110,"column":24}},{"start":{"line":110,"column":28},"end":{"line":110,"column":42}}]},"13":{"loc":{"start":{"line":113,"column":23},"end":{"line":113,"column":54}},"type":"binary-expr","locations":[{"start":{"line":113,"column":23},"end":{"line":113,"column":30}},{"start":{"line":113,"column":34},"end":{"line":113,"column":54}}]},"14":{"loc":{"start":{"line":115,"column":23},"end":{"line":115,"column":98}},"type":"cond-expr","locations":[{"start":{"line":115,"column":71},"end":{"line":115,"column":91}},{"start":{"line":115,"column":94},"end":{"line":115,"column":98}}]},"15":{"loc":{"start":{"line":115,"column":23},"end":{"line":115,"column":68}},"type":"binary-expr","locations":[{"start":{"line":115,"column":23},"end":{"line":115,"column":30}},{"start":{"line":115,"column":34},"end":{"line":115,"column":68}}]},"16":{"loc":{"start":{"line":120,"column":2},"end":{"line":139,"column":null}},"type":"if","locations":[{"start":{"line":120,"column":2},"end":{"line":139,"column":null}},{"start":{"line":122,"column":9},"end":{"line":139,"column":null}}]},"17":{"loc":{"start":{"line":122,"column":9},"end":{"line":139,"column":null}},"type":"if","locations":[{"start":{"line":122,"column":9},"end":{"line":139,"column":null}},{"start":{"line":132,"column":9},"end":{"line":139,"column":null}}]},"18":{"loc":{"start":{"line":125,"column":8},"end":{"line":127,"column":89}},"type":"binary-expr","locations":[{"start":{"line":125,"column":8},"end":{"line":125,"column":34}},{"start":{"line":126,"column":8},"end":{"line":126,"column":41}},{"start":{"line":127,"column":8},"end":{"line":127,"column":89}}]},"19":{"loc":{"start":{"line":129,"column":4},"end":{"line":131,"column":null}},"type":"if","locations":[{"start":{"line":129,"column":4},"end":{"line":131,"column":null}}]},"20":{"loc":{"start":{"line":134,"column":13},"end":{"line":134,"column":76}},"type":"binary-expr","locations":[{"start":{"line":134,"column":13},"end":{"line":134,"column":39}},{"start":{"line":134,"column":43},"end":{"line":134,"column":76}}]},"21":{"loc":{"start":{"line":136,"column":4},"end":{"line":138,"column":null}},"type":"if","locations":[{"start":{"line":136,"column":4},"end":{"line":138,"column":null}}]},"22":{"loc":{"start":{"line":146,"column":2},"end":{"line":148,"column":null}},"type":"if","locations":[{"start":{"line":146,"column":2},"end":{"line":148,"column":null}}]},"23":{"loc":{"start":{"line":150,"column":2},"end":{"line":152,"column":null}},"type":"if","locations":[{"start":{"line":150,"column":2},"end":{"line":152,"column":null}}]},"24":{"loc":{"start":{"line":153,"column":2},"end":{"line":155,"column":null}},"type":"if","locations":[{"start":{"line":153,"column":2},"end":{"line":155,"column":null}}]},"25":{"loc":{"start":{"line":153,"column":6},"end":{"line":153,"column":34}},"type":"binary-expr","locations":[{"start":{"line":153,"column":6},"end":{"line":153,"column":13}},{"start":{"line":153,"column":17},"end":{"line":153,"column":34}}]},"26":{"loc":{"start":{"line":162,"column":23},"end":{"line":162,"column":98}},"type":"cond-expr","locations":[{"start":{"line":162,"column":71},"end":{"line":162,"column":91}},{"start":{"line":162,"column":94},"end":{"line":162,"column":98}}]},"27":{"loc":{"start":{"line":162,"column":23},"end":{"line":162,"column":68}},"type":"binary-expr","locations":[{"start":{"line":162,"column":23},"end":{"line":162,"column":30}},{"start":{"line":162,"column":34},"end":{"line":162,"column":68}}]},"28":{"loc":{"start":{"line":164,"column":18},"end":{"line":164,"column":44}},"type":"binary-expr","locations":[{"start":{"line":164,"column":18},"end":{"line":164,"column":25}},{"start":{"line":164,"column":29},"end":{"line":164,"column":44}}]},"29":{"loc":{"start":{"line":169,"column":2},"end":{"line":175,"column":null}},"type":"if","locations":[{"start":{"line":169,"column":2},"end":{"line":175,"column":null}},{"start":{"line":172,"column":9},"end":{"line":175,"column":null}}]},"30":{"loc":{"start":{"line":177,"column":2},"end":{"line":179,"column":null}},"type":"if","locations":[{"start":{"line":177,"column":2},"end":{"line":179,"column":null}}]},"31":{"loc":{"start":{"line":182,"column":2},"end":{"line":189,"column":null}},"type":"if","locations":[{"start":{"line":182,"column":2},"end":{"line":189,"column":null}}]},"32":{"loc":{"start":{"line":183,"column":4},"end":{"line":188,"column":null}},"type":"if","locations":[{"start":{"line":183,"column":4},"end":{"line":188,"column":null}}]},"33":{"loc":{"start":{"line":184,"column":6},"end":{"line":187,"column":null}},"type":"if","locations":[{"start":{"line":184,"column":6},"end":{"line":187,"column":null}}]},"34":{"loc":{"start":{"line":184,"column":10},"end":{"line":184,"column":42}},"type":"binary-expr","locations":[{"start":{"line":184,"column":10},"end":{"line":184,"column":31}},{"start":{"line":184,"column":35},"end":{"line":184,"column":42}}]},"35":{"loc":{"start":{"line":195,"column":18},"end":{"line":195,"column":53}},"type":"cond-expr","locations":[{"start":{"line":195,"column":42},"end":{"line":195,"column":46}},{"start":{"line":195,"column":49},"end":{"line":195,"column":53}}]},"36":{"loc":{"start":{"line":196,"column":13},"end":{"line":196,"column":49}},"type":"cond-expr","locations":[{"start":{"line":196,"column":37},"end":{"line":196,"column":42}},{"start":{"line":196,"column":45},"end":{"line":196,"column":49}}]},"37":{"loc":{"start":{"line":198,"column":9},"end":{"line":198,"column":89}},"type":"cond-expr","locations":[{"start":{"line":198,"column":40},"end":{"line":198,"column":82}},{"start":{"line":198,"column":85},"end":{"line":198,"column":89}}]}},"s":{"0":1,"1":1,"2":1,"3":1,"4":1,"5":17,"6":17,"7":4,"8":13,"9":12,"10":12,"11":10,"12":2,"13":1,"14":13,"15":1,"16":13,"17":1,"18":12,"19":12,"20":12,"21":12,"22":12,"23":12,"24":12,"25":12,"26":12,"27":12,"28":12,"29":12,"30":3,"31":9,"32":2,"33":15,"34":2,"35":2,"36":7,"37":43,"38":7,"39":7,"40":12,"41":12,"42":12,"43":12,"44":10,"45":12,"46":1,"47":12,"48":1,"49":11,"50":5,"51":5,"52":5,"53":5,"54":5,"55":0,"56":0,"57":5,"58":5,"59":5,"60":0,"61":5,"62":5,"63":5,"64":2,"65":0,"66":5,"67":2,"68":2,"69":1,"70":1},"f":{"0":17,"1":12,"2":13,"3":13,"4":15,"5":43,"6":5,"7":2},"b":{"0":[17],"1":[4],"2":[12],"3":[10],"4":[1],"5":[1,11],"6":[12,12],"7":[1,11],"8":[12,12],"9":[1,11],"10":[12,12],"11":[12,12],"12":[12,12],"13":[12,12],"14":[4,8],"15":[12,12],"16":[3,9],"17":[2,7],"18":[15,15,3],"19":[2],"20":[43,43],"21":[7],"22":[10],"23":[1],"24":[1],"25":[12,12],"26":[3,2],"27":[5,3],"28":[5,3],"29":[0,5],"30":[0],"31":[5],"32":[2],"33":[0],"34":[2,2],"35":[1,1],"36":[1,1],"37":[2,0]}}
}
