TN:
SF:src/index.ts
FN:70,switchBaseMap
FN:83,switchUnit
FN:91,(anonymous_2)
FN:99,format
FN:124,(anonymous_4)
FN:134,(anonymous_5)
FN:159,parse
FN:193,parseToUnit
FNF:8
FNH:8
FNDA:17,switchBaseMap
FNDA:12,switchUnit
FNDA:13,(anonymous_2)
FNDA:13,format
FNDA:15,(anonymous_4)
FNDA:43,(anonymous_5)
FNDA:5,parse
FNDA:2,parseToUnit
DA:5,1
DA:6,1
DA:12,1
DA:22,1
DA:32,1
DA:71,17
DA:72,17
DA:73,4
DA:76,13
DA:84,12
DA:85,12
DA:86,10
DA:89,2
DA:91,13
DA:95,1
DA:100,13
DA:101,1
DA:103,12
DA:105,12
DA:106,12
DA:107,12
DA:108,12
DA:110,12
DA:113,12
DA:115,12
DA:117,12
DA:118,12
DA:119,12
DA:120,12
DA:121,3
DA:122,9
DA:123,2
DA:125,15
DA:129,2
DA:130,2
DA:133,7
DA:134,43
DA:136,7
DA:137,7
DA:141,12
DA:143,12
DA:144,12
DA:146,12
DA:147,10
DA:150,12
DA:151,1
DA:153,12
DA:154,1
DA:156,11
DA:160,5
DA:162,5
DA:164,5
DA:165,5
DA:169,5
DA:170,0
DA:171,0
DA:173,5
DA:174,5
DA:177,5
DA:178,0
DA:181,5
DA:182,5
DA:183,5
DA:184,2
DA:186,0
DA:190,5
DA:194,2
DA:198,2
DA:201,1
DA:207,1
LF:70
LH:66
BRDA:71,0,0,17
BRDA:72,1,0,4
BRDA:84,2,0,12
BRDA:85,3,0,10
BRDA:100,4,0,1
BRDA:105,5,0,1
BRDA:105,5,1,11
BRDA:105,6,0,12
BRDA:105,6,1,12
BRDA:106,7,0,1
BRDA:106,7,1,11
BRDA:106,8,0,12
BRDA:106,8,1,12
BRDA:107,9,0,1
BRDA:107,9,1,11
BRDA:107,10,0,12
BRDA:107,10,1,12
BRDA:108,11,0,12
BRDA:108,11,1,12
BRDA:110,12,0,12
BRDA:110,12,1,12
BRDA:113,13,0,12
BRDA:113,13,1,12
BRDA:115,14,0,4
BRDA:115,14,1,8
BRDA:115,15,0,12
BRDA:115,15,1,12
BRDA:120,16,0,3
BRDA:120,16,1,9
BRDA:122,17,0,2
BRDA:122,17,1,7
BRDA:125,18,0,15
BRDA:125,18,1,15
BRDA:125,18,2,3
BRDA:129,19,0,2
BRDA:134,20,0,43
BRDA:134,20,1,43
BRDA:136,21,0,7
BRDA:146,22,0,10
BRDA:150,23,0,1
BRDA:153,24,0,1
BRDA:153,25,0,12
BRDA:153,25,1,12
BRDA:162,26,0,3
BRDA:162,26,1,2
BRDA:162,27,0,5
BRDA:162,27,1,3
BRDA:164,28,0,5
BRDA:164,28,1,3
BRDA:169,29,0,0
BRDA:169,29,1,5
BRDA:177,30,0,0
BRDA:182,31,0,5
BRDA:183,32,0,2
BRDA:184,33,0,0
BRDA:184,34,0,2
BRDA:184,34,1,2
BRDA:195,35,0,1
BRDA:195,35,1,1
BRDA:196,36,0,1
BRDA:196,36,1,1
BRDA:198,37,0,2
BRDA:198,37,1,0
BRF:63
BRH:59
end_of_record
